<?xml version="1.0" encoding="UTF-8"?>
<!-- Generated by org.testng.reporters.JUnitXMLReporter -->
<testsuite hostname="DESKTOP-G05EPA5" ignored="3" name="Test" tests="4" failures="0" timestamp="2022-07-10T01:25:35 IST" time="0.101" errors="0">
  <testcase name="test1" time="0.008" classname="com.TestMavenProject.TestClass1"/>
  <testcase name="test2" time="0.002" classname="com.TestMavenProject.TestClass1"/>
  <testcase name="test3" time="0.002" classname="com.TestMavenProject.TestClass1"/>
  <testcase name="test4" time="0.003" classname="com.TestMavenProject.TestClass1"/>
  <testcase name="test7" time="0.0" classname="com.TestMavenProject.TestClass1">
    <ignored/>
  </testcase> <!-- test7 -->
  <testcase name="test6" time="0.0" classname="com.TestMavenProject.TestClass1">
    <ignored/>
  </testcase> <!-- test6 -->
  <testcase name="test5" time="0.0" classname="com.TestMavenProject.TestClass1">
    <ignored/>
  </testcase> <!-- test5 -->
</testsuite> <!-- Test -->
