<?xml version="1.0" encoding="UTF-8"?>
<testng-results ignored="0" total="1" passed="1" failed="0" skipped="0">
  <reporter-output>
  </reporter-output>
  <suite started-at="2022-07-10T02:11:23 IST" name="Suite" finished-at="2022-07-10T02:11:32 IST" duration-ms="8712">
    <groups>
      <group name="sanity">
        <method signature="TestClass3.test11()[pri:0, instance:com.TestMavenProject.TestClass3@68e965f5]" name="test11" class="com.TestMavenProject.TestClass3"/>
      </group> <!-- sanity -->
    </groups>
    <test started-at="2022-07-10T02:11:23 IST" name="Test3" finished-at="2022-07-10T02:11:32 IST" duration-ms="8712">
      <class name="com.TestMavenProject.TestClass3">
        <test-method is-config="true" signature="setup()[pri:0, instance:com.TestMavenProject.TestClass3@68e965f5]" started-at="2022-07-10T02:11:23 IST" name="setup" finished-at="2022-07-10T02:11:31 IST" duration-ms="7869" status="PASS">
          <reporter-output>
          </reporter-output>
        </test-method> <!-- setup -->
        <test-method signature="test11()[pri:0, instance:com.TestMavenProject.TestClass3@68e965f5]" started-at="2022-07-10T02:11:31 IST" name="test11" finished-at="2022-07-10T02:11:31 IST" duration-ms="7" status="PASS">
          <reporter-output>
          </reporter-output>
        </test-method> <!-- test11 -->
        <test-method is-config="true" signature="closeApp()[pri:0, instance:com.TestMavenProject.TestClass3@68e965f5]" started-at="2022-07-10T02:11:31 IST" name="closeApp" finished-at="2022-07-10T02:11:32 IST" duration-ms="760" status="PASS">
          <reporter-output>
          </reporter-output>
        </test-method> <!-- closeApp -->
      </class> <!-- com.TestMavenProject.TestClass3 -->
    </test> <!-- Test3 -->
  </suite> <!-- Suite -->
</testng-results>
