<?xml version="1.0" encoding="UTF-8"?>
<testng-results ignored="0" total="1" passed="1" failed="0" skipped="0">
  <reporter-output>
  </reporter-output>
  <suite started-at="2022-07-10T15:19:37 IST" name="Default suite" finished-at="2022-07-10T15:19:43 IST" duration-ms="6162">
    <groups>
      <group name="sanity">
        <method signature="TestClass3.test11()[pri:0, instance:com.TestMavenProject.TestClass3@2e1d27ba]" name="test11" class="com.TestMavenProject.TestClass3"/>
      </group> <!-- sanity -->
    </groups>
    <test started-at="2022-07-10T15:19:37 IST" name="Default test" finished-at="2022-07-10T15:19:43 IST" duration-ms="6162">
      <class name="com.TestMavenProject.TestClass3">
        <test-method is-config="true" signature="setup()[pri:0, instance:com.TestMavenProject.TestClass3@2e1d27ba]" started-at="2022-07-10T15:19:37 IST" name="setup" finished-at="2022-07-10T15:19:43 IST" duration-ms="5759" status="PASS">
          <reporter-output>
          </reporter-output>
        </test-method> <!-- setup -->
        <test-method signature="test11()[pri:0, instance:com.TestMavenProject.TestClass3@2e1d27ba]" started-at="2022-07-10T15:19:43 IST" name="test11" finished-at="2022-07-10T15:19:43 IST" duration-ms="55" status="PASS">
          <reporter-output>
          </reporter-output>
        </test-method> <!-- test11 -->
        <test-method is-config="true" signature="closeApp()[pri:0, instance:com.TestMavenProject.TestClass3@2e1d27ba]" started-at="2022-07-10T15:19:43 IST" name="closeApp" finished-at="2022-07-10T15:19:43 IST" duration-ms="271" status="PASS">
          <reporter-output>
          </reporter-output>
        </test-method> <!-- closeApp -->
      </class> <!-- com.TestMavenProject.TestClass3 -->
    </test> <!-- Default test -->
  </suite> <!-- Default suite -->
</testng-results>
